[1.516s] DEBUG:colcon:Command line arguments: ['/usr/bin/colcon', 'build', '--packages-select', 'my_usb_controller_pkg']
[1.516s] DEBUG:colcon:Parsed command line arguments: Namespace(log_base=None, log_level=None, verb_name='build', build_base='build', install_base='install', merge_install=False, symlink_install=False, test_result_base=None, continue_on_error=False, executor='parallel', parallel_workers=2, event_handlers=None, ignore_user_meta=False, metas=['./colcon.meta'], base_paths=['.'], packages_ignore=None, packages_ignore_regex=None, paths=None, packages_up_to=None, packages_up_to_regex=None, packages_above=None, packages_above_and_dependencies=None, packages_above_depth=None, packages_select_by_dep=None, packages_skip_by_dep=None, packages_skip_up_to=None, packages_select_build_failed=False, packages_skip_build_finished=False, packages_select_test_failures=False, packages_skip_test_passed=False, packages_select=['my_usb_controller_pkg'], packages_skip=None, packages_select_regex=None, packages_skip_regex=None, packages_start=None, packages_end=None, allow_overriding=[], cmake_args=None, cmake_target=None, cmake_target_skip_unavailable=False, cmake_clean_cache=False, cmake_clean_first=False, cmake_force_configure=False, ament_cmake_args=None, catkin_cmake_args=None, catkin_skip_building_tests=False, verb_parser=<colcon_defaults.argument_parser.defaults.DefaultArgumentsDecorator object at 0x7f76bb600be0>, verb_extension=<colcon_core.verb.build.BuildVerb object at 0x7f76bb6a4d00>, main=<bound method BuildVerb.main of <colcon_core.verb.build.BuildVerb object at 0x7f76bb6a4d00>>)
[1.608s] Level 1:colcon.colcon_core.package_discovery:discover_packages(colcon_meta) check parameters
[1.608s] Level 1:colcon.colcon_core.package_discovery:discover_packages(recursive) check parameters
[1.608s] Level 1:colcon.colcon_core.package_discovery:discover_packages(ignore) check parameters
[1.608s] Level 1:colcon.colcon_core.package_discovery:discover_packages(path) check parameters
[1.608s] Level 1:colcon.colcon_core.package_discovery:discover_packages(colcon_meta) discover
[1.608s] Level 1:colcon.colcon_core.package_discovery:discover_packages(recursive) discover
[1.608s] INFO:colcon.colcon_core.package_discovery:Crawling recursively for packages in '/root/ros2_ws/src/my_usb_controller_pkg'
[1.608s] Level 1:colcon.colcon_core.package_identification:_identify(.) by extensions ['ignore', 'ignore_ament_install']
[1.608s] Level 1:colcon.colcon_core.package_identification:_identify(.) by extension 'ignore'
[1.608s] Level 1:colcon.colcon_core.package_identification:_identify(.) by extension 'ignore_ament_install'
[1.609s] Level 1:colcon.colcon_core.package_identification:_identify(.) by extensions ['colcon_pkg']
[1.609s] Level 1:colcon.colcon_core.package_identification:_identify(.) by extension 'colcon_pkg'
[1.609s] Level 1:colcon.colcon_core.package_identification:_identify(.) by extensions ['colcon_meta']
[1.609s] Level 1:colcon.colcon_core.package_identification:_identify(.) by extension 'colcon_meta'
[1.609s] Level 1:colcon.colcon_core.package_identification:_identify(.) by extensions ['ros']
[1.609s] Level 1:colcon.colcon_core.package_identification:_identify(.) by extension 'ros'
[1.631s] DEBUG:colcon.colcon_core.package_identification:Package '.' with type 'ros.ament_python' and name 'my_usb_controller_pkg'
[1.631s] Level 1:colcon.colcon_core.package_discovery:discover_packages(recursive) using defaults
[1.631s] Level 1:colcon.colcon_core.package_discovery:discover_packages(ignore) discover
[1.631s] Level 1:colcon.colcon_core.package_discovery:discover_packages(ignore) using defaults
[1.631s] Level 1:colcon.colcon_core.package_discovery:discover_packages(path) discover
[1.631s] Level 1:colcon.colcon_core.package_discovery:discover_packages(path) using defaults
[1.754s] Level 1:colcon.colcon_core.package_discovery:discover_packages(prefix_path) check parameters
[1.754s] Level 1:colcon.colcon_core.package_discovery:discover_packages(prefix_path) discover
[1.795s] DEBUG:colcon.colcon_installed_package_information.package_discovery:Found 1 installed packages in /root/ros2_ws/install
[1.814s] DEBUG:colcon.colcon_installed_package_information.package_discovery:Found 281 installed packages in /opt/ros/iron
[1.817s] Level 1:colcon.colcon_core.package_discovery:discover_packages(prefix_path) using defaults
[1.931s] Level 5:colcon.colcon_core.verb:set package 'my_usb_controller_pkg' build argument 'cmake_args' from command line to 'None'
[1.931s] Level 5:colcon.colcon_core.verb:set package 'my_usb_controller_pkg' build argument 'cmake_target' from command line to 'None'
[1.931s] Level 5:colcon.colcon_core.verb:set package 'my_usb_controller_pkg' build argument 'cmake_target_skip_unavailable' from command line to 'False'
[1.931s] Level 5:colcon.colcon_core.verb:set package 'my_usb_controller_pkg' build argument 'cmake_clean_cache' from command line to 'False'
[1.931s] Level 5:colcon.colcon_core.verb:set package 'my_usb_controller_pkg' build argument 'cmake_clean_first' from command line to 'False'
[1.931s] Level 5:colcon.colcon_core.verb:set package 'my_usb_controller_pkg' build argument 'cmake_force_configure' from command line to 'False'
[1.931s] Level 5:colcon.colcon_core.verb:set package 'my_usb_controller_pkg' build argument 'ament_cmake_args' from command line to 'None'
[1.931s] Level 5:colcon.colcon_core.verb:set package 'my_usb_controller_pkg' build argument 'catkin_cmake_args' from command line to 'None'
[1.931s] Level 5:colcon.colcon_core.verb:set package 'my_usb_controller_pkg' build argument 'catkin_skip_building_tests' from command line to 'False'
[1.932s] DEBUG:colcon.colcon_core.verb:Building package 'my_usb_controller_pkg' with the following arguments: {'ament_cmake_args': None, 'build_base': '/root/ros2_ws/src/my_usb_controller_pkg/build/my_usb_controller_pkg', 'catkin_cmake_args': None, 'catkin_skip_building_tests': False, 'cmake_args': None, 'cmake_clean_cache': False, 'cmake_clean_first': False, 'cmake_force_configure': False, 'cmake_target': None, 'cmake_target_skip_unavailable': False, 'install_base': '/root/ros2_ws/src/my_usb_controller_pkg/install/my_usb_controller_pkg', 'merge_install': False, 'path': '/root/ros2_ws/src/my_usb_controller_pkg', 'symlink_install': False, 'test_result_base': None}
[1.950s] INFO:colcon.colcon_core.executor:Executing jobs using 'parallel' executor
[1.969s] DEBUG:colcon.colcon_parallel_executor.executor.parallel:run_until_complete
[1.970s] INFO:colcon.colcon_ros.task.ament_python.build:Building ROS package in '/root/ros2_ws/src/my_usb_controller_pkg' with build type 'ament_python'
[1.970s] Level 1:colcon.colcon_core.shell:create_environment_hook('my_usb_controller_pkg', 'ament_prefix_path')
[2.001s] INFO:colcon.colcon_core.plugin_system:Skipping extension 'colcon_core.shell.bat': Not used on non-Windows systems
[2.002s] INFO:colcon.colcon_core.shell:Creating environment hook '/root/ros2_ws/src/my_usb_controller_pkg/install/my_usb_controller_pkg/share/my_usb_controller_pkg/hook/ament_prefix_path.ps1'
[2.007s] INFO:colcon.colcon_core.shell:Creating environment descriptor '/root/ros2_ws/src/my_usb_controller_pkg/install/my_usb_controller_pkg/share/my_usb_controller_pkg/hook/ament_prefix_path.dsv'
[2.008s] INFO:colcon.colcon_core.shell:Creating environment hook '/root/ros2_ws/src/my_usb_controller_pkg/install/my_usb_controller_pkg/share/my_usb_controller_pkg/hook/ament_prefix_path.sh'
[2.028s] INFO:colcon.colcon_core.shell:Skip shell extension 'powershell' for command environment: Not usable outside of PowerShell
[2.028s] DEBUG:colcon.colcon_core.shell:Skip shell extension 'dsv' for command environment
[2.431s] INFO:colcon.colcon_core.task.python.build:Building Python package in '/root/ros2_ws/src/my_usb_controller_pkg'
[2.448s] INFO:colcon.colcon_core.shell:Skip shell extension 'powershell' for command environment: Not usable outside of PowerShell
[2.449s] DEBUG:colcon.colcon_core.shell:Skip shell extension 'dsv' for command environment
[3.059s] DEBUG:colcon.colcon_core.event_handler.log_command:Invoking command in '/root/ros2_ws/src/my_usb_controller_pkg': PYTHONPATH=/root/ros2_ws/src/my_usb_controller_pkg/build/my_usb_controller_pkg/prefix_override:/root/ros2_ws/src/my_usb_controller_pkg/install/my_usb_controller_pkg/lib/python3.10/site-packages:${PYTHONPATH} /usr/bin/python3 setup.py egg_info --egg-base build/my_usb_controller_pkg build --build-base /root/ros2_ws/src/my_usb_controller_pkg/build/my_usb_controller_pkg/build install --record /root/ros2_ws/src/my_usb_controller_pkg/build/my_usb_controller_pkg/install.log --single-version-externally-managed
[3.483s] DEBUG:colcon.colcon_core.event_handler.log_command:Invoked command in '/root/ros2_ws/src/my_usb_controller_pkg' returned '0': PYTHONPATH=/root/ros2_ws/src/my_usb_controller_pkg/build/my_usb_controller_pkg/prefix_override:/root/ros2_ws/src/my_usb_controller_pkg/install/my_usb_controller_pkg/lib/python3.10/site-packages:${PYTHONPATH} /usr/bin/python3 setup.py egg_info --egg-base build/my_usb_controller_pkg build --build-base /root/ros2_ws/src/my_usb_controller_pkg/build/my_usb_controller_pkg/build install --record /root/ros2_ws/src/my_usb_controller_pkg/build/my_usb_controller_pkg/install.log --single-version-externally-managed
[3.533s] Level 1:colcon.colcon_core.environment:checking '/root/ros2_ws/src/my_usb_controller_pkg/install/my_usb_controller_pkg' for CMake module files
[3.534s] Level 1:colcon.colcon_core.environment:checking '/root/ros2_ws/src/my_usb_controller_pkg/install/my_usb_controller_pkg' for CMake config files
[3.534s] Level 1:colcon.colcon_core.environment:checking '/root/ros2_ws/src/my_usb_controller_pkg/install/my_usb_controller_pkg/lib'
[3.535s] Level 1:colcon.colcon_core.environment:checking '/root/ros2_ws/src/my_usb_controller_pkg/install/my_usb_controller_pkg/bin'
[3.535s] Level 1:colcon.colcon_core.environment:checking '/root/ros2_ws/src/my_usb_controller_pkg/install/my_usb_controller_pkg/lib/pkgconfig/my_usb_controller_pkg.pc'
[3.535s] Level 1:colcon.colcon_core.environment:checking '/root/ros2_ws/src/my_usb_controller_pkg/install/my_usb_controller_pkg/lib/python3.10/site-packages'
[3.535s] Level 1:colcon.colcon_core.shell:create_environment_hook('my_usb_controller_pkg', 'pythonpath')
[3.554s] INFO:colcon.colcon_core.shell:Creating environment hook '/root/ros2_ws/src/my_usb_controller_pkg/install/my_usb_controller_pkg/share/my_usb_controller_pkg/hook/pythonpath.ps1'
[3.555s] INFO:colcon.colcon_core.shell:Creating environment descriptor '/root/ros2_ws/src/my_usb_controller_pkg/install/my_usb_controller_pkg/share/my_usb_controller_pkg/hook/pythonpath.dsv'
[3.555s] INFO:colcon.colcon_core.shell:Creating environment hook '/root/ros2_ws/src/my_usb_controller_pkg/install/my_usb_controller_pkg/share/my_usb_controller_pkg/hook/pythonpath.sh'
[3.556s] Level 1:colcon.colcon_core.environment:checking '/root/ros2_ws/src/my_usb_controller_pkg/install/my_usb_controller_pkg/bin'
[3.556s] Level 1:colcon.colcon_core.environment:create_environment_scripts_only(my_usb_controller_pkg)
[3.574s] INFO:colcon.colcon_core.shell:Creating package script '/root/ros2_ws/src/my_usb_controller_pkg/install/my_usb_controller_pkg/share/my_usb_controller_pkg/package.ps1'
[3.575s] INFO:colcon.colcon_core.shell:Creating package descriptor '/root/ros2_ws/src/my_usb_controller_pkg/install/my_usb_controller_pkg/share/my_usb_controller_pkg/package.dsv'
[3.576s] INFO:colcon.colcon_core.shell:Creating package script '/root/ros2_ws/src/my_usb_controller_pkg/install/my_usb_controller_pkg/share/my_usb_controller_pkg/package.sh'
[3.577s] INFO:colcon.colcon_core.shell:Creating package script '/root/ros2_ws/src/my_usb_controller_pkg/install/my_usb_controller_pkg/share/my_usb_controller_pkg/package.bash'
[3.580s] INFO:colcon.colcon_core.shell:Creating package script '/root/ros2_ws/src/my_usb_controller_pkg/install/my_usb_controller_pkg/share/my_usb_controller_pkg/package.zsh'
[3.582s] Level 1:colcon.colcon_core.environment:create_file_with_runtime_dependencies(/root/ros2_ws/src/my_usb_controller_pkg/install/my_usb_controller_pkg/share/colcon-core/packages/my_usb_controller_pkg)
[3.582s] DEBUG:colcon.colcon_parallel_executor.executor.parallel:closing loop
[3.583s] DEBUG:colcon.colcon_parallel_executor.executor.parallel:loop closed
[3.583s] DEBUG:colcon.colcon_parallel_executor.executor.parallel:run_until_complete finished with '0'
[3.583s] DEBUG:colcon.colcon_core.event_reactor:joining thread
[3.613s] INFO:colcon.colcon_core.plugin_system:Skipping extension 'colcon_notification.desktop_notification.terminal_notifier': Not used on non-Darwin systems
[3.613s] INFO:colcon.colcon_core.plugin_system:Skipping extension 'colcon_notification.desktop_notification.win32': Not used on non-Windows systems
[3.613s] INFO:colcon.colcon_notification.desktop_notification:Sending desktop notification using 'notify2'
[3.613s] DEBUG:colcon.colcon_notification.desktop_notification.notify2:Failed to initialize notify2: org.freedesktop.DBus.Error.NotSupported: Unable to autolaunch a dbus-daemon without a $DISPLAY for X11
[3.613s] DEBUG:colcon.colcon_core.event_reactor:joined thread
[3.634s] INFO:colcon.colcon_core.shell:Creating prefix script '/root/ros2_ws/src/my_usb_controller_pkg/install/local_setup.ps1'
[3.638s] INFO:colcon.colcon_core.shell:Creating prefix util module '/root/ros2_ws/src/my_usb_controller_pkg/install/_local_setup_util_ps1.py'
[3.640s] INFO:colcon.colcon_core.shell:Creating prefix chain script '/root/ros2_ws/src/my_usb_controller_pkg/install/setup.ps1'
[3.660s] INFO:colcon.colcon_core.shell:Creating prefix script '/root/ros2_ws/src/my_usb_controller_pkg/install/local_setup.sh'
[3.661s] INFO:colcon.colcon_core.shell:Creating prefix util module '/root/ros2_ws/src/my_usb_controller_pkg/install/_local_setup_util_sh.py'
[3.662s] INFO:colcon.colcon_core.shell:Creating prefix chain script '/root/ros2_ws/src/my_usb_controller_pkg/install/setup.sh'
[3.681s] INFO:colcon.colcon_core.shell:Creating prefix script '/root/ros2_ws/src/my_usb_controller_pkg/install/local_setup.bash'
[3.682s] INFO:colcon.colcon_core.shell:Creating prefix chain script '/root/ros2_ws/src/my_usb_controller_pkg/install/setup.bash'
[3.702s] INFO:colcon.colcon_core.shell:Creating prefix script '/root/ros2_ws/src/my_usb_controller_pkg/install/local_setup.zsh'
[3.704s] INFO:colcon.colcon_core.shell:Creating prefix chain script '/root/ros2_ws/src/my_usb_controller_pkg/install/setup.zsh'
