running egg_info
creating build/my_usb_controller_pkg/my_usb_controller_pkg.egg-info
writing build/my_usb_controller_pkg/my_usb_controller_pkg.egg-info/PKG-INFO
writing dependency_links to build/my_usb_controller_pkg/my_usb_controller_pkg.egg-info/dependency_links.txt
writing entry points to build/my_usb_controller_pkg/my_usb_controller_pkg.egg-info/entry_points.txt
writing requirements to build/my_usb_controller_pkg/my_usb_controller_pkg.egg-info/requires.txt
writing top-level names to build/my_usb_controller_pkg/my_usb_controller_pkg.egg-info/top_level.txt
writing manifest file 'build/my_usb_controller_pkg/my_usb_controller_pkg.egg-info/SOURCES.txt'
reading manifest file 'build/my_usb_controller_pkg/my_usb_controller_pkg.egg-info/SOURCES.txt'
writing manifest file 'build/my_usb_controller_pkg/my_usb_controller_pkg.egg-info/SOURCES.txt'
running build
running build_py
creating /root/ros2_ws/src/my_usb_controller_pkg/build/my_usb_controller_pkg/build
creating /root/ros2_ws/src/my_usb_controller_pkg/build/my_usb_controller_pkg/build/lib
creating /root/ros2_ws/src/my_usb_controller_pkg/build/my_usb_controller_pkg/build/lib/my_usb_controller_pkg
copying my_usb_controller_pkg/usb_controller_node.py -> /root/ros2_ws/src/my_usb_controller_pkg/build/my_usb_controller_pkg/build/lib/my_usb_controller_pkg
copying my_usb_controller_pkg/__init__.py -> /root/ros2_ws/src/my_usb_controller_pkg/build/my_usb_controller_pkg/build/lib/my_usb_controller_pkg
running install
/usr/lib/python3/dist-packages/setuptools/command/install.py:34: SetuptoolsDeprecationWarning: setup.py install is deprecated. Use build and pip and other standards-based tools.
  warnings.warn(
running install_lib
creating /root/ros2_ws/src/my_usb_controller_pkg/install/my_usb_controller_pkg/lib/python3.10/site-packages/my_usb_controller_pkg
copying /root/ros2_ws/src/my_usb_controller_pkg/build/my_usb_controller_pkg/build/lib/my_usb_controller_pkg/usb_controller_node.py -> /root/ros2_ws/src/my_usb_controller_pkg/install/my_usb_controller_pkg/lib/python3.10/site-packages/my_usb_controller_pkg
copying /root/ros2_ws/src/my_usb_controller_pkg/build/my_usb_controller_pkg/build/lib/my_usb_controller_pkg/__init__.py -> /root/ros2_ws/src/my_usb_controller_pkg/install/my_usb_controller_pkg/lib/python3.10/site-packages/my_usb_controller_pkg
byte-compiling /root/ros2_ws/src/my_usb_controller_pkg/install/my_usb_controller_pkg/lib/python3.10/site-packages/my_usb_controller_pkg/usb_controller_node.py to usb_controller_node.cpython-310.pyc
byte-compiling /root/ros2_ws/src/my_usb_controller_pkg/install/my_usb_controller_pkg/lib/python3.10/site-packages/my_usb_controller_pkg/__init__.py to __init__.cpython-310.pyc
running install_data
creating /root/ros2_ws/src/my_usb_controller_pkg/install/my_usb_controller_pkg/share/ament_index
creating /root/ros2_ws/src/my_usb_controller_pkg/install/my_usb_controller_pkg/share/ament_index/resource_index
creating /root/ros2_ws/src/my_usb_controller_pkg/install/my_usb_controller_pkg/share/ament_index/resource_index/packages
copying resource/my_usb_controller_pkg -> /root/ros2_ws/src/my_usb_controller_pkg/install/my_usb_controller_pkg/share/ament_index/resource_index/packages
copying package.xml -> /root/ros2_ws/src/my_usb_controller_pkg/install/my_usb_controller_pkg/share/my_usb_controller_pkg
running install_egg_info
Copying build/my_usb_controller_pkg/my_usb_controller_pkg.egg-info to /root/ros2_ws/src/my_usb_controller_pkg/install/my_usb_controller_pkg/lib/python3.10/site-packages/my_usb_controller_pkg-0.0.0-py3.10.egg-info
running install_scripts
Installing usb_controller_node script to /root/ros2_ws/src/my_usb_controller_pkg/install/my_usb_controller_pkg/lib/my_usb_controller_pkg
writing list of installed files to '/root/ros2_ws/src/my_usb_controller_pkg/build/my_usb_controller_pkg/install.log'
