[1.088s] Invoking command in '/root/ros2_ws/src/my_usb_controller_pkg': PYTHONPATH=/root/ros2_ws/src/my_usb_controller_pkg/build/my_usb_controller_pkg/prefix_override:/root/ros2_ws/src/my_usb_controller_pkg/install/my_usb_controller_pkg/lib/python3.10/site-packages:${PYTHONPATH} /usr/bin/python3 setup.py egg_info --egg-base build/my_usb_controller_pkg build --build-base /root/ros2_ws/src/my_usb_controller_pkg/build/my_usb_controller_pkg/build install --record /root/ros2_ws/src/my_usb_controller_pkg/build/my_usb_controller_pkg/install.log --single-version-externally-managed
[1.395s] running egg_info
[1.396s] creating build/my_usb_controller_pkg/my_usb_controller_pkg.egg-info
[1.396s] writing build/my_usb_controller_pkg/my_usb_controller_pkg.egg-info/PKG-INFO
[1.397s] writing dependency_links to build/my_usb_controller_pkg/my_usb_controller_pkg.egg-info/dependency_links.txt
[1.397s] writing entry points to build/my_usb_controller_pkg/my_usb_controller_pkg.egg-info/entry_points.txt
[1.397s] writing requirements to build/my_usb_controller_pkg/my_usb_controller_pkg.egg-info/requires.txt
[1.397s] writing top-level names to build/my_usb_controller_pkg/my_usb_controller_pkg.egg-info/top_level.txt
[1.397s] writing manifest file 'build/my_usb_controller_pkg/my_usb_controller_pkg.egg-info/SOURCES.txt'
[1.399s] reading manifest file 'build/my_usb_controller_pkg/my_usb_controller_pkg.egg-info/SOURCES.txt'
[1.400s] writing manifest file 'build/my_usb_controller_pkg/my_usb_controller_pkg.egg-info/SOURCES.txt'
[1.400s] running build
[1.401s] running build_py
[1.401s] creating /root/ros2_ws/src/my_usb_controller_pkg/build/my_usb_controller_pkg/build
[1.401s] creating /root/ros2_ws/src/my_usb_controller_pkg/build/my_usb_controller_pkg/build/lib
[1.401s] creating /root/ros2_ws/src/my_usb_controller_pkg/build/my_usb_controller_pkg/build/lib/my_usb_controller_pkg
[1.401s] copying my_usb_controller_pkg/usb_controller_node.py -> /root/ros2_ws/src/my_usb_controller_pkg/build/my_usb_controller_pkg/build/lib/my_usb_controller_pkg
[1.433s] copying my_usb_controller_pkg/__init__.py -> /root/ros2_ws/src/my_usb_controller_pkg/build/my_usb_controller_pkg/build/lib/my_usb_controller_pkg
[1.434s] running install
[1.439s] /usr/lib/python3/dist-packages/setuptools/command/install.py:34: SetuptoolsDeprecationWarning: setup.py install is deprecated. Use build and pip and other standards-based tools.
[1.439s]   warnings.warn(
[1.439s] running install_lib
[1.440s] creating /root/ros2_ws/src/my_usb_controller_pkg/install/my_usb_controller_pkg/lib/python3.10/site-packages/my_usb_controller_pkg
[1.440s] copying /root/ros2_ws/src/my_usb_controller_pkg/build/my_usb_controller_pkg/build/lib/my_usb_controller_pkg/usb_controller_node.py -> /root/ros2_ws/src/my_usb_controller_pkg/install/my_usb_controller_pkg/lib/python3.10/site-packages/my_usb_controller_pkg
[1.440s] copying /root/ros2_ws/src/my_usb_controller_pkg/build/my_usb_controller_pkg/build/lib/my_usb_controller_pkg/__init__.py -> /root/ros2_ws/src/my_usb_controller_pkg/install/my_usb_controller_pkg/lib/python3.10/site-packages/my_usb_controller_pkg
[1.441s] byte-compiling /root/ros2_ws/src/my_usb_controller_pkg/install/my_usb_controller_pkg/lib/python3.10/site-packages/my_usb_controller_pkg/usb_controller_node.py to usb_controller_node.cpython-310.pyc
[1.441s] byte-compiling /root/ros2_ws/src/my_usb_controller_pkg/install/my_usb_controller_pkg/lib/python3.10/site-packages/my_usb_controller_pkg/__init__.py to __init__.cpython-310.pyc
[1.441s] running install_data
[1.442s] creating /root/ros2_ws/src/my_usb_controller_pkg/install/my_usb_controller_pkg/share/ament_index
[1.442s] creating /root/ros2_ws/src/my_usb_controller_pkg/install/my_usb_controller_pkg/share/ament_index/resource_index
[1.443s] creating /root/ros2_ws/src/my_usb_controller_pkg/install/my_usb_controller_pkg/share/ament_index/resource_index/packages
[1.443s] copying resource/my_usb_controller_pkg -> /root/ros2_ws/src/my_usb_controller_pkg/install/my_usb_controller_pkg/share/ament_index/resource_index/packages
[1.443s] copying package.xml -> /root/ros2_ws/src/my_usb_controller_pkg/install/my_usb_controller_pkg/share/my_usb_controller_pkg
[1.443s] running install_egg_info
[1.445s] Copying build/my_usb_controller_pkg/my_usb_controller_pkg.egg-info to /root/ros2_ws/src/my_usb_controller_pkg/install/my_usb_controller_pkg/lib/python3.10/site-packages/my_usb_controller_pkg-0.0.0-py3.10.egg-info
[1.449s] running install_scripts
[1.474s] Installing usb_controller_node script to /root/ros2_ws/src/my_usb_controller_pkg/install/my_usb_controller_pkg/lib/my_usb_controller_pkg
[1.474s] writing list of installed files to '/root/ros2_ws/src/my_usb_controller_pkg/build/my_usb_controller_pkg/install.log'
[1.513s] Invoked command in '/root/ros2_ws/src/my_usb_controller_pkg' returned '0': PYTHONPATH=/root/ros2_ws/src/my_usb_controller_pkg/build/my_usb_controller_pkg/prefix_override:/root/ros2_ws/src/my_usb_controller_pkg/install/my_usb_controller_pkg/lib/python3.10/site-packages:${PYTHONPATH} /usr/bin/python3 setup.py egg_info --egg-base build/my_usb_controller_pkg build --build-base /root/ros2_ws/src/my_usb_controller_pkg/build/my_usb_controller_pkg/build install --record /root/ros2_ws/src/my_usb_controller_pkg/build/my_usb_controller_pkg/install.log --single-version-externally-managed
